生成启动时间为 2015/7/7 22:59:44。
     1>项目“D:\gnu\exiv2\msvc2005\xmpsdk\xmpsdk.vcxproj”在节点 3 上(Build 个目标)。
     1>ClCompile:
         D:\Program Files\Microsoft Visual Studio 10.0\VC\bin\CL.exe /c /ID:\gnu\exiv2\msvc2005\../include /ID:\gnu\exiv2\msvc2005\../include/exiv2 /ID:\gnu\exiv2\msvc2005\../xmpsdk/include /ID:\gnu\exiv2\msvc2005\../../expat/lib /ID:\gnu\exiv2\msvc2005\../../zlib /ID:\gnu\exiv2\msvc2005\/../../curl/include /ID:\gnu\exiv2\msvc2005\/../../libssh/include /ID:\gnu\exiv2\msvc2005\xssl/Win32/Release/include /Zi /nologo /W3 /WX- /Od /Oy- /D WIN32 /D _DEBUG /D _LIB /D XML_STATIC /D _MBCS /Gm- /EHsc /RTC1 /MTd /GS /fp:precise /Zc:wchar_t /Zc:forScope /GR /Fo".\build\Win32\Debug\\" /Fd".\build\Win32\Debug\vc100.pdb" /Gd /TP /analyze- /errorReport:prompt ..\..\xmpsdk\src\ExpatAdapter.cpp ..\..\xmpsdk\src\MD5.cpp ..\..\xmpsdk\src\ParseRDF.cpp ..\..\xmpsdk\src\UnicodeConversions.cpp ..\..\xmpsdk\src\WXMPIterator.cpp ..\..\xmpsdk\src\WXMPMeta.cpp ..\..\xmpsdk\src\WXMPUtils.cpp ..\..\xmpsdk\src\XML_Node.cpp ..\..\xmpsdk\src\XMPCore_Impl.cpp ..\..\xmpsdk\src\XMPIterator.cpp "..\..\xmpsdk\src\XMPMeta-GetSet.cpp" "..\..\xmpsdk\src\XMPMeta-Parse.cpp" "..\..\xmpsdk\src\XMPMeta-Serialize.cpp" ..\..\xmpsdk\src\XMPMeta.cpp "..\..\xmpsdk\src\XMPUtils-FileInfo.cpp" ..\..\xmpsdk\src\XMPUtils.cpp
         ExpatAdapter.cpp
         MD5.cpp
         ParseRDF.cpp
         UnicodeConversions.cpp
         WXMPIterator.cpp
         WXMPMeta.cpp
         WXMPUtils.cpp
         XML_Node.cpp
         XMPCore_Impl.cpp
         XMPIterator.cpp
         XMPMeta-GetSet.cpp
         XMPMeta-Parse.cpp
         XMPMeta-Serialize.cpp
         XMPMeta.cpp
         XMPUtils-FileInfo.cpp
         XMPUtils.cpp
         正在生成代码...
       Lib:
         D:\Program Files\Microsoft Visual Studio 10.0\VC\bin\Lib.exe /OUT:"D:\gnu\exiv2\msvc2005\bin\Win32\Debug\xmpsdk.lib" /LIBPATH:..\..\..\expat\win32\bin\Debug /NOLOGO /NODEFAULTLIB:msvcrtd .\build\Win32\Debug\ExpatAdapter.obj
         .\build\Win32\Debug\MD5.obj
         .\build\Win32\Debug\ParseRDF.obj
         .\build\Win32\Debug\UnicodeConversions.obj
         .\build\Win32\Debug\WXMPIterator.obj
         .\build\Win32\Debug\WXMPMeta.obj
         .\build\Win32\Debug\WXMPUtils.obj
         .\build\Win32\Debug\XML_Node.obj
         .\build\Win32\Debug\XMPCore_Impl.obj
         .\build\Win32\Debug\XMPIterator.obj
         ".\build\Win32\Debug\XMPMeta-GetSet.obj"
         ".\build\Win32\Debug\XMPMeta-Parse.obj"
         ".\build\Win32\Debug\XMPMeta-Serialize.obj"
         .\build\Win32\Debug\XMPMeta.obj
         ".\build\Win32\Debug\XMPUtils-FileInfo.obj"
         .\build\Win32\Debug\XMPUtils.obj
         xmpsdk.vcxproj -> D:\gnu\exiv2\msvc2005\bin\Win32\Debug\xmpsdk.lib
     1>已完成生成项目“D:\gnu\exiv2\msvc2005\xmpsdk\xmpsdk.vcxproj”(Build 个目标)的操作。

生成成功。

已用时间 00:00:11.61
